11:24:44,709 (main) INFO  [DataNucleus.Enhancer] - DataNucleus Enhancer for API "JPA"
11:24:44,896 (main) INFO  [DataNucleus.Enhancer] - DataNucleus Enhancer (version 3.1.1) : Enhancement of classes
11:24:45,615 (main) INFO  [DataNucleus.Enhancer] - Writing class file "C:\work\repository\alcuras\target\alcurasweb\WEB-INF\classes\com\alcuras\web\persist\entities\Articulo.class" with enhanced definition
11:24:45,630 (main) INFO  [DataNucleus.Enhancer] - Writing class file "C:\work\repository\alcuras\target\alcurasweb\WEB-INF\classes\com\alcuras\web\persist\entities\Evento.class" with enhanced definition
11:24:45,630 (main) INFO  [DataNucleus.Enhancer] - Writing class file "C:\work\repository\alcuras\target\alcurasweb\WEB-INF\classes\com\alcuras\web\persist\entities\Mensaje.class" with enhanced definition
11:24:45,646 (main) INFO  [DataNucleus.Enhancer] - Writing class file "C:\work\repository\alcuras\target\alcurasweb\WEB-INF\classes\com\alcuras\web\persist\entities\Web.class" with enhanced definition
11:24:45,646 (main) INFO  [DataNucleus.Enhancer] - DataNucleus Enhancer completed with success for 4 classes. Timings : input=656 ms, enhance=94 ms, total=750 ms. Consult the log for full details
11:36:33,767 (main) INFO  [DataNucleus.Enhancer] - DataNucleus Enhancer for API "JPA"
11:36:33,923 (main) INFO  [DataNucleus.Enhancer] - DataNucleus Enhancer (version 3.1.1) : Enhancement of classes
11:36:34,439 (main) INFO  [DataNucleus.Enhancer] - Writing class file "C:\work\repository\alcuras\target\alcurasweb\WEB-INF\classes\com\alcuras\web\persist\entities\Articulo.class" with enhanced definition
11:36:34,454 (main) INFO  [DataNucleus.Enhancer] - Writing class file "C:\work\repository\alcuras\target\alcurasweb\WEB-INF\classes\com\alcuras\web\persist\entities\Evento.class" with enhanced definition
11:36:34,470 (main) INFO  [DataNucleus.Enhancer] - Writing class file "C:\work\repository\alcuras\target\alcurasweb\WEB-INF\classes\com\alcuras\web\persist\entities\Mensaje.class" with enhanced definition
11:36:34,470 (main) INFO  [DataNucleus.Enhancer] - Writing class file "C:\work\repository\alcuras\target\alcurasweb\WEB-INF\classes\com\alcuras\web\persist\entities\Web.class" with enhanced definition
11:36:34,470 (main) INFO  [DataNucleus.Enhancer] - DataNucleus Enhancer completed with success for 4 classes. Timings : input=453 ms, enhance=94 ms, total=547 ms. Consult the log for full details
12:57:50,870 (main) INFO  [DataNucleus.Enhancer] - DataNucleus Enhancer for API "JPA"
12:57:51,042 (main) INFO  [DataNucleus.Enhancer] - DataNucleus Enhancer (version 3.1.1) : Enhancement of classes
12:57:51,714 (main) INFO  [DataNucleus.Enhancer] - Writing class file "C:\work\repository\alcuras\target\alcurasweb\WEB-INF\classes\com\alcuras\web\persist\entities\Articulo.class" with enhanced definition
12:57:51,729 (main) INFO  [DataNucleus.Enhancer] - Writing class file "C:\work\repository\alcuras\target\alcurasweb\WEB-INF\classes\com\alcuras\web\persist\entities\Evento.class" with enhanced definition
12:57:51,729 (main) INFO  [DataNucleus.Enhancer] - Writing class file "C:\work\repository\alcuras\target\alcurasweb\WEB-INF\classes\com\alcuras\web\persist\entities\Mensaje.class" with enhanced definition
12:57:51,745 (main) INFO  [DataNucleus.Enhancer] - Writing class file "C:\work\repository\alcuras\target\alcurasweb\WEB-INF\classes\com\alcuras\web\persist\entities\Web.class" with enhanced definition
12:57:51,745 (main) INFO  [DataNucleus.Enhancer] - DataNucleus Enhancer completed with success for 4 classes. Timings : input=625 ms, enhance=78 ms, total=703 ms. Consult the log for full details
13:21:54,794 (main) INFO  [DataNucleus.Enhancer] - DataNucleus Enhancer for API "JPA"
13:21:55,544 (main) INFO  [DataNucleus.Enhancer] - DataNucleus Enhancer (version 3.1.1) : Enhancement of classes
13:21:56,450 (main) INFO  [DataNucleus.Enhancer] - Writing class file "C:\work\repository\alcuras\target\alcurasweb\WEB-INF\classes\com\alcuras\web\persist\entities\Articulo.class" with enhanced definition
13:21:56,466 (main) INFO  [DataNucleus.Enhancer] - Writing class file "C:\work\repository\alcuras\target\alcurasweb\WEB-INF\classes\com\alcuras\web\persist\entities\Evento.class" with enhanced definition
13:21:56,466 (main) INFO  [DataNucleus.Enhancer] - Writing class file "C:\work\repository\alcuras\target\alcurasweb\WEB-INF\classes\com\alcuras\web\persist\entities\Mensaje.class" with enhanced definition
13:21:56,482 (main) INFO  [DataNucleus.Enhancer] - Writing class file "C:\work\repository\alcuras\target\alcurasweb\WEB-INF\classes\com\alcuras\web\persist\entities\Web.class" with enhanced definition
13:21:56,497 (main) INFO  [DataNucleus.Enhancer] - DataNucleus Enhancer completed with success for 4 classes. Timings : input=813 ms, enhance=125 ms, total=938 ms. Consult the log for full details
13:50:26,006 (main) INFO  [DataNucleus.Enhancer] - DataNucleus Enhancer for API "JPA"
13:50:26,194 (main) INFO  [DataNucleus.Enhancer] - DataNucleus Enhancer (version 3.1.1) : Enhancement of classes
13:50:26,897 (main) INFO  [DataNucleus.Enhancer] - Writing class file "C:\work\repository\alcuras\target\alcurasweb\WEB-INF\classes\com\alcuras\web\persist\entities\Articulo.class" with enhanced definition
13:50:26,913 (main) INFO  [DataNucleus.Enhancer] - Writing class file "C:\work\repository\alcuras\target\alcurasweb\WEB-INF\classes\com\alcuras\web\persist\entities\Evento.class" with enhanced definition
13:50:26,913 (main) INFO  [DataNucleus.Enhancer] - Writing class file "C:\work\repository\alcuras\target\alcurasweb\WEB-INF\classes\com\alcuras\web\persist\entities\Mensaje.class" with enhanced definition
13:50:26,928 (main) INFO  [DataNucleus.Enhancer] - Writing class file "C:\work\repository\alcuras\target\alcurasweb\WEB-INF\classes\com\alcuras\web\persist\entities\Web.class" with enhanced definition
13:50:26,928 (main) INFO  [DataNucleus.Enhancer] - DataNucleus Enhancer completed with success for 4 classes. Timings : input=640 ms, enhance=94 ms, total=734 ms. Consult the log for full details
13:53:48,117 (main) INFO  [DataNucleus.Enhancer] - DataNucleus Enhancer for API "JPA"
13:53:48,305 (main) INFO  [DataNucleus.Enhancer] - DataNucleus Enhancer (version 3.1.1) : Enhancement of classes
13:53:48,726 (main) INFO  [DataNucleus.Enhancer] - Writing class file "C:\work\repository\alcuras\target\alcurasweb\WEB-INF\classes\com\alcuras\web\persist\entities\Articulo.class" with enhanced definition
13:53:48,742 (main) INFO  [DataNucleus.Enhancer] - Writing class file "C:\work\repository\alcuras\target\alcurasweb\WEB-INF\classes\com\alcuras\web\persist\entities\Evento.class" with enhanced definition
13:53:48,742 (main) INFO  [DataNucleus.Enhancer] - Writing class file "C:\work\repository\alcuras\target\alcurasweb\WEB-INF\classes\com\alcuras\web\persist\entities\Mensaje.class" with enhanced definition
13:53:48,758 (main) INFO  [DataNucleus.Enhancer] - Writing class file "C:\work\repository\alcuras\target\alcurasweb\WEB-INF\classes\com\alcuras\web\persist\entities\Web.class" with enhanced definition
13:53:48,758 (main) INFO  [DataNucleus.Enhancer] - DataNucleus Enhancer completed with success for 4 classes. Timings : input=359 ms, enhance=94 ms, total=453 ms. Consult the log for full details
